Thu Apr 10 20:41:27 CST 2003
using config file: /home/yhonline/v22pre11/bin/config
----------------------------------------------------------------------------
[1;33mÑ×»ÆÓ¢ÐÛÊ·[0;37;0m (MudOS v22pre11) starting up on Linux - Thu Apr 10 20:41:27 2003


System Error: init_addr_server: gethostbyname:Success

Loading preloaded files ...
Initializations complete.

Accepting connections on port 3000.
SIGPIPE received.
System Error: flush_message: write:Broken pipe
SIGPIPE received.
System Error: flush_message: write:Broken pipe
SIGPIPE received.
System Error: flush_message: write:Broken pipe
SIGPIPE received.
System Error: flush_message: write:Broken pipe
SIGPIPE received.
System Error: flush_message: write:Broken pipe
SIGPIPE received.
System Error: flush_message: write:Broken pipe
SIGPIPE received.
System Error: flush_message: write:Broken pipe
SIGPIPE received.
System Error: flush_message: write:Broken pipe
SIGPIPE received.
System Error: flush_message: write:Broken pipe
SIGPIPE received.
System Error: flush_message: write:Broken pipe
SIGPIPE received.
System Error: flush_message: write:Broken pipe
SIGPIPE received.
System Error: flush_message: write:Broken pipe
SIGPIPE received.
System Error: flush_message: write:Broken pipe
SIGPIPE received.
System Error: flush_message: write:Broken pipe
SIGPIPE received.
System Error: flush_message: write:Broken pipe
SIGPIPE received.
System Error: flush_message: write:Broken pipe
SIGPIPE received.
System Error: flush_message: write:Broken pipe
SIGPIPE received.
System Error: flush_message: write:Broken pipe
SIGPIPE received.
System Error: flush_message: write:Broken pipe
SIGPIPE received.
System Error: flush_message: write:Broken pipe
SIGPIPE received.
System Error: flush_message: write:Broken pipe
SIGPIPE received.
System Error: flush_message: write:Broken pipe
SIGPIPE received.
System Error: flush_message: write:Broken pipe
SIGPIPE received.
System Error: flush_message: write:Broken pipe
SIGPIPE received.
System Error: flush_message: write:Broken pipe
SIGPIPE received.
System Error: flush_message: write:Broken pipe
SIGPIPE received.
System Error: flush_message: write:Broken pipe
SIGPIPE received.
System Error: flush_message: write:Broken pipe
SIGPIPE received.
System Error: flush_message: write:Broken pipe
SIGPIPE received.
System Error: flush_message: write:Broken pipe
SIGPIPE received.
System Error: flush_message: write:Broken pipe
SIGPIPE received.
System Error: flush_message: write:Broken pipe
SIGPIPE received.
System Error: flush_message: write:Broken pipe
SIGPIPE received.
System Error: flush_message: write:Broken pipe
SIGPIPE received.
System Error: flush_message: write:Broken pipe
SIGPIPE received.
System Error: flush_message: write:Broken pipe
SIGPIPE received.
System Error: flush_message: write:Broken pipe
SIGPIPE received.
System Error: flush_message: write:Broken pipe
SIGPIPE received.
System Error: flush_message: write:Broken pipe
SIGPIPE received.
System Error: flush_message: write:Broken pipe
SIGPIPE received.
System Error: flush_message: write:Broken pipe
SIGPIPE received.
System Error: flush_message: write:Broken pipe
SIGPIPE received.
System Error: flush_message: write:Broken pipe
SIGPIPE received.
System Error: flush_message: write:Broken pipe
SIGPIPE received.
System Error: flush_message: write:Broken pipe
SIGPIPE received.
System Error: flush_message: write:Broken pipe
SIGPIPE received.
System Error: flush_message: write:Broken pipe
SIGPIPE received.
System Error: flush_message: write:Broken pipe
SIGPIPE received.
System Error: flush_message: write:Broken pipe
SIGPIPE received.
System Error: flush_message: write:Broken pipe
SIGPIPE received.
System Error: flush_message: write:Broken pipe
SIGPIPE received.
System Error: flush_message: write:Broken pipe
SIGPIPE received.
System Error: flush_message: write:Broken pipe
SIGPIPE received.
System Error: flush_message: write:Broken pipe
SIGPIPE received.
System Error: flush_message: write:Broken pipe
SIGPIPE received.
System Error: flush_message: write:Broken pipe
SIGPIPE received.
System Error: flush_message: write:Broken pipe
SIGPIPE received.
System Error: flush_message: write:Broken pipe
SIGPIPE received.
System Error: flush_message: write:Broken pipe
SIGPIPE received.
System Error: flush_message: write:Broken pipe
get_user_data: read on fd 50
System Error: get_user_data: read:Connection reset by peer
SIGPIPE received.
System Error: flush_message: write:Broken pipe
SIGPIPE received.
System Error: flush_message: write:Broken pipe
SIGPIPE received.
System Error: flush_message: write:Broken pipe
SIGPIPE received.
System Error: flush_message: write:Broken pipe
SIGPIPE received.
System Error: flush_message: write:Broken pipe
SIGPIPE received.
System Error: flush_message: write:Broken pipe
SIGPIPE received.
System Error: flush_message: write:Broken pipe
SIGPIPE received.
System Error: flush_message: write:Broken pipe
SIGPIPE received.
System Error: flush_message: write:Broken pipe
SIGPIPE received.
System Error: flush_message: write:Broken pipe
SIGPIPE received.
System Error: flush_message: write:Broken pipe
SIGPIPE received.
System Error: flush_message: write:Broken pipe
SIGPIPE received.
System Error: flush_message: write:Broken pipe
SIGPIPE received.
System Error: flush_message: write:Broken pipe
SIGPIPE received.
System Error: flush_message: write:Broken pipe
SIGPIPE received.
System Error: flush_message: write:Broken pipe
SIGPIPE received.
System Error: flush_message: write:Broken pipe
SIGPIPE received.
System Error: flush_message: write:Broken pipe
SIGPIPE received.
System Error: flush_message: write:Broken pipe
SIGPIPE received.
System Error: flush_message: write:Broken pipe
SIGPIPE received.
System Error: flush_message: write:Broken pipe
SIGPIPE received.
System Error: flush_message: write:Broken pipe
SIGPIPE received.
System Error: flush_message: write:Broken pipe
SIGPIPE received.
System Error: flush_message: write:Broken pipe
SIGPIPE received.
System Error: flush_message: write:Broken pipe
SIGPIPE received.
System Error: flush_message: write:Broken pipe
SIGPIPE received.
System Error: flush_message: write:Broken pipe
SIGPIPE received.
System Error: flush_message: write:Broken pipe
SIGPIPE received.
System Error: flush_message: write:Broken pipe
SIGPIPE received.
System Error: flush_message: write:Broken pipe
SIGPIPE received.
System Error: flush_message: write:Broken pipe
SIGPIPE received.
System Error: flush_message: write:Broken pipe
SIGPIPE received.
System Error: flush_message: write:Broken pipe
SIGPIPE received.
System Error: flush_message: write:Broken pipe
SIGPIPE received.
System Error: flush_message: write:Broken pipe
SIGPIPE received.
System Error: flush_message: write:Broken pipe
SIGPIPE received.
System Error: flush_message: write:Broken pipe
SIGPIPE received.
System Error: flush_message: write:Broken pipe
SIGPIPE received.
System Error: flush_message: write:Broken pipe
SIGPIPE received.
System Error: flush_message: write:Broken pipe
SIGPIPE received.
System Error: flush_message: write:Broken pipe
SIGPIPE received.
System Error: flush_message: write:Broken pipe
SIGPIPE received.
System Error: flush_message: write:Broken pipe
SIGPIPE received.
System Error: flush_message: write:Broken pipe
SIGPIPE received.
System Error: flush_message: write:Broken pipe
SIGPIPE received.
System Error: flush_message: write:Broken pipe
SIGPIPE received.
System Error: flush_message: write:Broken pipe
SIGPIPE received.
System Error: flush_message: write:Broken pipe
SIGPIPE received.
System Error: flush_message: write:Broken pipe
SIGPIPE received.
System Error: flush_message: write:Broken pipe
SIGPIPE received.
System Error: flush_message: write:Broken pipe
SIGPIPE received.
System Error: flush_message: write:Broken pipe
SIGPIPE received.
System Error: flush_message: write:Broken pipe
SIGPIPE received.
System Error: flush_message: write:Broken pipe
SIGPIPE received.
System Error: flush_message: write:Broken pipe
SIGPIPE received.
System Error: flush_message: write:Broken pipe
SIGPIPE received.
System Error: flush_message: write:Broken pipe
SIGPIPE received.
System Error: flush_message: write:Broken pipe
SIGPIPE received.
System Error: flush_message: write:Broken pipe
SIGPIPE received.
System Error: flush_message: write:Broken pipe
SIGPIPE received.
System Error: flush_message: write:Broken pipe
SIGPIPE received.
System Error: flush_message: write:Broken pipe
SIGPIPE received.
System Error: flush_message: write:Broken pipe
SIGPIPE received.
System Error: flush_message: write:Broken pipe
SIGPIPE received.
System Error: flush_message: write:Broken pipe
SIGPIPE received.
System Error: flush_message: write:Broken pipe
SIGPIPE received.
System Error: flush_message: write:Broken pipe
SIGPIPE received.
System Error: flush_message: write:Broken pipe
SIGPIPE received.
System Error: flush_message: write:Broken pipe
SIGPIPE received.
System Error: flush_message: write:Broken pipe
SIGPIPE received.
System Error: flush_message: write:Broken pipe
SIGPIPE received.
System Error: flush_message: write:Broken pipe
SIGPIPE received.
System Error: flush_message: write:Broken pipe
SIGPIPE received.
System Error: flush_message: write:Broken pipe
SIGPIPE received.
System Error: flush_message: write:Broken pipe
SIGPIPE received.
System Error: flush_message: write:Broken pipe
SIGPIPE received.
System Error: flush_message: write:Broken pipe
SIGPIPE received.
System Error: flush_message: write:Broken pipe
SIGPIPE received.
System Error: flush_message: write:Broken pipe
SIGPIPE received.
System Error: flush_message: write:Broken pipe
SIGPIPE received.
System Error: flush_message: write:Broken pipe
SIGPIPE received.
System Error: flush_message: write:Broken pipe
SIGPIPE received.
System Error: flush_message: write:Broken pipe
SIGPIPE received.
System Error: flush_message: write:Broken pipe
SIGPIPE received.
System Error: flush_message: write:Broken pipe
SIGPIPE received.
System Error: flush_message: write:Broken pipe
SIGPIPE received.
System Error: flush_message: write:Broken pipe
SIGPIPE received.
System Error: flush_message: write:Broken pipe
SIGPIPE received.
System Error: flush_message: write:Broken pipe
SIGPIPE received.
System Error: flush_message: write:Broken pipe
SIGPIPE received.
System Error: flush_message: write:Broken pipe
SIGPIPE received.
System Error: flush_message: write:Broken pipe
SIGPIPE received.
System Error: flush_message: write:Broken pipe
SIGPIPE received.
System Error: flush_message: write:Broken pipe
SIGPIPE received.
System Error: flush_message: write:Broken pipe
SIGPIPE received.
System Error: flush_message: write:Broken pipe
SIGPIPE received.
System Error: flush_message: write:Broken pipe
SIGPIPE received.
System Error: flush_message: write:Broken pipe
SIGPIPE received.
System Error: flush_message: write:Broken pipe
SIGPIPE received.
System Error: flush_message: write:Broken pipe
System Error: flush_message: write:Connection reset by peer
SIGPIPE received.
System Error: flush_message: write:Broken pipe
SIGPIPE received.
System Error: flush_message: write:Broken pipe
SIGPIPE received.
System Error: flush_message: write:Broken pipe
SIGPIPE received.
System Error: flush_message: write:Broken pipe
SIGPIPE received.
System Error: flush_message: write:Broken pipe
SIGPIPE received.
System Error: flush_message: write:Broken pipe
SIGPIPE received.
System Error: flush_message: write:Broken pipe
SIGPIPE received.
System Error: flush_message: write:Broken pipe
SIGPIPE received.
System Error: flush_message: write:Broken pipe
SIGPIPE received.
System Error: flush_message: write:Broken pipe
SIGPIPE received.
System Error: flush_message: write:Broken pipe
SIGPIPE received.
System Error: flush_message: write:Broken pipe
SIGPIPE received.
System Error: flush_message: write:Broken pipe
SIGPIPE received.
System Error: flush_message: write:Broken pipe
SIGPIPE received.
System Error: flush_message: write:Broken pipe
SIGPIPE received.
System Error: flush_message: write:Broken pipe
SIGPIPE received.
System Error: flush_message: write:Broken pipe
SIGPIPE received.
System Error: flush_message: write:Broken pipe
SIGPIPE received.
System Error: flush_message: write:Broken pipe
SIGPIPE received.
System Error: flush_message: write:Broken pipe
SIGPIPE received.
System Error: flush_message: write:Broken pipe
SIGPIPE received.
System Error: flush_message: write:Broken pipe
SIGPIPE received.
System Error: flush_message: write:Broken pipe
SIGPIPE received.
System Error: flush_message: write:Broken pipe
SIGPIPE received.
System Error: flush_message: write:Broken pipe
SIGPIPE received.
System Error: flush_message: write:Broken pipe
SIGPIPE received.
System Error: flush_message: write:Broken pipe
SIGPIPE received.
System Error: flush_message: write:Broken pipe
SIGPIPE received.
System Error: flush_message: write:Broken pipe
SIGPIPE received.
System Error: flush_message: write:Broken pipe
SIGPIPE received.
System Error: flush_message: write:Broken pipe
SIGPIPE received.
System Error: flush_message: write:Broken pipe
SIGPIPE received.
System Error: flush_message: write:Broken pipe
SIGPIPE received.
System Error: flush_message: write:Broken pipe
SIGPIPE received.
System Error: flush_message: write:Broken pipe
SIGPIPE received.
System Error: flush_message: write:Broken pipe
SIGPIPE received.
System Error: flush_message: write:Broken pipe
SIGPIPE received.
System Error: flush_message: write:Broken pipe
SIGPIPE received.
System Error: flush_message: write:Broken pipe
SIGPIPE received.
System Error: flush_message: write:Broken pipe
SIGPIPE received.
System Error: flush_message: write:Broken pipe
SIGPIPE received.
System Error: flush_message: write:Broken pipe
SIGPIPE received.
System Error: flush_message: write:Broken pipe
get_user_data: read on fd 74
System Error: get_user_data: read:Connection reset by peer
SIGPIPE received.
System Error: flush_message: write:Broken pipe
SIGPIPE received.
System Error: flush_message: write:Broken pipe
SIGPIPE received.
System Error: flush_message: write:Broken pipe
SIGPIPE received.
System Error: flush_message: write:Broken pipe
SIGPIPE received.
System Error: flush_message: write:Broken pipe
SIGPIPE received.
System Error: flush_message: write:Broken pipe
get_user_data: read on fd 43
System Error: get_user_data: read:Connection reset by peer
get_user_data: read on fd 57
System Error: get_user_data: read:Connection reset by peer
get_user_data: read on fd 60
System Error: get_user_data: read:Connection reset by peer
SIGPIPE received.
System Error: flush_message: write:Broken pipe
SIGPIPE received.
System Error: flush_message: write:Broken pipe
SIGPIPE received.
System Error: flush_message: write:Broken pipe
SIGPIPE received.
System Error: flush_message: write:Broken pipe
SIGPIPE received.
System Error: flush_message: write:Broken pipe
SIGPIPE received.
System Error: flush_message: write:Broken pipe
SIGPIPE received.
System Error: flush_message: write:Broken pipe
SIGPIPE received.
System Error: flush_message: write:Broken pipe
SIGPIPE received.
System Error: flush_message: write:Broken pipe
SIGPIPE received.
System Error: flush_message: write:Broken pipe
SIGPIPE received.
System Error: flush_message: write:Broken pipe
SIGPIPE received.
System Error: flush_message: write:Broken pipe
SIGPIPE received.
System Error: flush_message: write:Broken pipe
SIGPIPE received.
System Error: flush_message: write:Broken pipe
SIGPIPE received.
System Error: flush_message: write:Broken pipe
SIGPIPE received.
System Error: flush_message: write:Broken pipe
SIGPIPE received.
System Error: flush_message: write:Broken pipe
SIGPIPE received.
System Error: flush_message: write:Broken pipe
SIGPIPE received.
System Error: flush_message: write:Broken pipe
SIGPIPE received.
System Error: flush_message: write:Broken pipe
SIGPIPE received.
System Error: flush_message: write:Broken pipe
SIGPIPE received.
System Error: flush_message: write:Broken pipe
SIGPIPE received.
System Error: flush_message: write:Broken pipe
SIGPIPE received.
System Error: flush_message: write:Broken pipe
SIGPIPE received.
System Error: flush_message: write:Broken pipe
SIGPIPE received.
System Error: flush_message: write:Broken pipe
SIGPIPE received.
System Error: flush_message: write:Broken pipe
SIGPIPE received.
System Error: flush_message: write:Broken pipe
SIGPIPE received.
System Error: flush_message: write:Broken pipe
SIGPIPE received.
System Error: flush_message: write:Broken pipe
SIGPIPE received.
System Error: flush_message: write:Broken pipe
SIGPIPE received.
System Error: flush_message: write:Broken pipe
SIGPIPE received.
System Error: flush_message: write:Broken pipe
SIGPIPE received.
System Error: flush_message: write:Broken pipe
SIGPIPE received.
System Error: flush_message: write:Broken pipe
SIGPIPE received.
System Error: flush_message: write:Broken pipe
SIGPIPE received.
System Error: flush_message: write:Broken pipe
SIGPIPE received.
System Error: flush_message: write:Broken pipe
get_user_data: read on fd 62
System Error: get_user_data: read:Connection reset by peer
get_user_data: read on fd 65
System Error: get_user_data: read:Connection reset by peer
get_user_data: read on fd 64
System Error: get_user_data: read:Connection reset by peer
get_user_data: read on fd 57
System Error: get_user_data: read:Connection reset by peer
get_user_data: read on fd 58
System Error: get_user_data: read:Connection reset by peer
get_user_data: read on fd 44
System Error: get_user_data: read:Connection reset by peer
get_user_data: read on fd 52
System Error: get_user_data: read:Connection reset by peer
get_user_data: read on fd 13
System Error: get_user_data: read:Connection timed out
SIGPIPE received.
System Error: flush_message: write:Broken pipe
get_user_data: read on fd 77
System Error: get_user_data: read:Connection timed out
SIGPIPE received.
System Error: flush_message: write:Broken pipe
get_user_data: read on fd 70
System Error: get_user_data: read:Connection timed out
SIGPIPE received.
System Error: flush_message: write:Broken pipe
get_user_data: read on fd 13
System Error: get_user_data: read:Connection reset by peer
get_user_data: read on fd 32
System Error: get_user_data: read:Connection reset by peer
get_user_data: read on fd 9
System Error: get_user_data: read:Connection reset by peer
get_user_data: read on fd 34
System Error: get_user_data: read:Connection reset by peer
get_user_data: read on fd 27
System Error: get_user_data: read:Connection reset by peer
get_user_data: read on fd 26
System Error: get_user_data: read:Connection reset by peer
get_user_data: read on fd 52
System Error: get_user_data: read:Connection reset by peer
SIGPIPE received.
System Error: flush_message: write:Broken pipe
SIGPIPE received.
System Error: flush_message: write:Broken pipe
SIGPIPE received.
System Error: flush_message: write:Broken pipe
SIGPIPE received.
System Error: flush_message: write:Broken pipe
SIGPIPE received.
System Error: flush_message: write:Broken pipe
SIGPIPE received.
System Error: flush_message: write:Broken pipe
SIGPIPE received.
System Error: flush_message: write:Broken pipe
SIGPIPE received.
System Error: flush_message: write:Broken pipe
SIGPIPE received.
System Error: flush_message: write:Broken pipe
SIGPIPE received.
System Error: flush_message: write:Broken pipe
SIGPIPE received.
System Error: flush_message: write:Broken pipe
SIGPIPE received.
System Error: flush_message: write:Broken pipe
SIGPIPE received.
System Error: flush_message: write:Broken pipe
SIGPIPE received.
System Error: flush_message: write:Broken pipe
SIGPIPE received.
System Error: flush_message: write:Broken pipe
SIGPIPE received.
System Error: flush_message: write:Broken pipe
SIGPIPE received.
System Error: flush_message: write:Broken pipe
SIGPIPE received.
System Error: flush_message: write:Broken pipe
SIGPIPE received.
System Error: flush_message: write:Broken pipe
SIGPIPE received.
System Error: flush_message: write:Broken pipe
SIGPIPE received.
System Error: flush_message: write:Broken pipe
SIGPIPE received.
System Error: flush_message: write:Broken pipe
System Error: flush_message: write:Connection reset by peer
SIGPIPE received.
System Error: flush_message: write:Broken pipe
get_user_data: read on fd 59
System Error: get_user_data: read:Connection reset by peer
SIGPIPE received.
System Error: flush_message: write:Broken pipe
SIGPIPE received.
System Error: flush_message: write:Broken pipe
SIGPIPE received.
System Error: flush_message: write:Broken pipe
SIGPIPE received.
System Error: flush_message: write:Broken pipe
SIGPIPE received.
System Error: flush_message: write:Broken pipe
SIGPIPE received.
System Error: flush_message: write:Broken pipe
get_user_data: read on fd 32
System Error: get_user_data: read:Connection reset by peer
get_user_data: read on fd 57
System Error: get_user_data: read:Connection reset by peer
get_user_data: read on fd 72
System Error: get_user_data: read:Connection reset by peer
get_user_data: read on fd 34
System Error: get_user_data: read:Connection reset by peer
System Error: flush_message: write:Connection reset by peer
SIGPIPE received.
System Error: flush_message: write:Broken pipe
get_user_data: read on fd 17
System Error: get_user_data: read:Connection reset by peer
SIGPIPE received.
System Error: flush_message: write:Broken pipe
SIGPIPE received.
System Error: flush_message: write:Broken pipe
SIGPIPE received.
System Error: flush_message: write:Broken pipe
SIGPIPE received.
System Error: flush_message: write:Broken pipe
get_user_data: read on fd 19
System Error: get_user_data: read:Connection reset by peer
SIGPIPE received.
System Error: flush_message: write:Broken pipe
get_user_data: read on fd 37
System Error: get_user_data: read:Connection reset by peer
get_user_data: read on fd 15
System Error: get_user_data: read:Connection reset by peer
get_user_data: read on fd 8
System Error: get_user_data: read:Connection reset by peer
get_user_data: read on fd 56
System Error: get_user_data: read:Connection reset by peer
